05-27 13:20:40 com_github_MitjaNemec_ReplicateLayout.action_replicate_layout 359:Plugin executed on: 'darwin'
05-27 13:20:40 com_github_MitjaNemec_ReplicateLayout.action_replicate_layout 360:Plugin executed with python version: '3.8.2 (v3.8.2:7b3ab5921f, Feb 24 2020, 17:52:18) \n[Clang 6.0 (clang-600.0.57)]'
05-27 13:20:40 com_github_MitjaNemec_ReplicateLayout.action_replicate_layout 361:KiCad build version: (6.0.9-0)
05-27 13:20:40 com_github_MitjaNemec_ReplicateLayout.action_replicate_layout 362:Plugin version: 1.3.5
05-27 13:20:40 com_github_MitjaNemec_ReplicateLayout.action_replicate_layout 363:Frame repr: <wx._core.Frame object at 0x7fb5d45f71f0>
05-27 13:20:40 com_github_MitjaNemec_ReplicateLayout.action_replicate_layout 387:Preparing replicator with U301 as a reference
05-27 13:20:40 com_github_MitjaNemec_ReplicateLayout.replicate_layout 113:getting a list of all footprints on board
05-27 13:20:40 com_github_MitjaNemec_ReplicateLayout.replicate_layout 132:Footprint  does not have Sheetfile property, it will not be replicated. Most likely it is only in layout
05-27 13:20:40 com_github_MitjaNemec_ReplicateLayout.replicate_layout 132:Footprint  does not have Sheetfile property, it will not be replicated. Most likely it is only in layout
05-27 13:20:41 com_github_MitjaNemec_ReplicateLayout.action_replicate_layout 435:source anchor footprint is 'U301'
Located on: ['2xAttenuverters1']
With filenames: ['attenuverter.kicad_sch']
With sheet_id:['2xAttenuverters1']
05-27 13:20:41 com_github_MitjaNemec_ReplicateLayout.action_replicate_layout 442:Corresponding footprints are 
[('U501', ['2xAttenuverters3']), ('U401', ['2xAttenuverters2']), ('U301', ['2xAttenuverters1'])]
05-27 13:20:41 com_github_MitjaNemec_ReplicateLayout.action_replicate_layout 454:Showing dialog
05-27 13:20:41 com_github_MitjaNemec_ReplicateLayout.replicate_layout 391:constructing a list of sheets suitable for replication on level:'2xAttenuverters1', file:'attenuverter.kicad_sch'
05-27 13:20:41 com_github_MitjaNemec_ReplicateLayout.replicate_layout 428:suitable sheets are:[['2xAttenuverters2'], ['2xAttenuverters3']]
05-27 13:20:41 com_github_MitjaNemec_ReplicateLayout.replicate_layout 1356:Level selected: ['2xAttenuverters1']
05-27 13:20:41 com_github_MitjaNemec_ReplicateLayout.replicate_layout 1191:Filtering list of tracks
05-27 13:20:41 com_github_MitjaNemec_ReplicateLayout.action_replicate_layout 460:Toolbar position: wx.Point(980, 121)
05-27 13:20:41 com_github_MitjaNemec_ReplicateLayout.action_replicate_layout 465:Dialog position: wx.Point(616, 121)
05-27 13:20:46 com_github_MitjaNemec_ReplicateLayout.replicate_layout 391:constructing a list of sheets suitable for replication on level:'2xAttenuverters1', file:'attenuverter.kicad_sch'
05-27 13:20:46 com_github_MitjaNemec_ReplicateLayout.replicate_layout 428:suitable sheets are:[['2xAttenuverters2'], ['2xAttenuverters3']]
05-27 13:20:47 com_github_MitjaNemec_ReplicateLayout.replicate_layout 1356:Level selected: ['2xAttenuverters1']
05-27 13:20:47 com_github_MitjaNemec_ReplicateLayout.replicate_layout 1191:Filtering list of tracks
05-27 13:20:48 com_github_MitjaNemec_ReplicateLayout.replicate_layout 391:constructing a list of sheets suitable for replication on level:'2xAttenuverters1', file:'attenuverter.kicad_sch'
05-27 13:20:48 com_github_MitjaNemec_ReplicateLayout.replicate_layout 428:suitable sheets are:[['2xAttenuverters2'], ['2xAttenuverters3']]
05-27 13:20:48 com_github_MitjaNemec_ReplicateLayout.replicate_layout 1356:Level selected: ['2xAttenuverters1']
05-27 13:20:48 com_github_MitjaNemec_ReplicateLayout.replicate_layout 1191:Filtering list of tracks
05-27 13:20:50 com_github_MitjaNemec_ReplicateLayout.replicate_layout 391:constructing a list of sheets suitable for replication on level:'2xAttenuverters1', file:'attenuverter.kicad_sch'
05-27 13:20:50 com_github_MitjaNemec_ReplicateLayout.replicate_layout 428:suitable sheets are:[['2xAttenuverters2'], ['2xAttenuverters3']]
05-27 13:20:50 com_github_MitjaNemec_ReplicateLayout.replicate_layout 1356:Level selected: ['2xAttenuverters1']
05-27 13:20:50 com_github_MitjaNemec_ReplicateLayout.replicate_layout 1191:Filtering list of tracks
05-27 13:20:52 com_github_MitjaNemec_ReplicateLayout.replicate_layout 391:constructing a list of sheets suitable for replication on level:'2xAttenuverters1', file:'attenuverter.kicad_sch'
05-27 13:20:52 com_github_MitjaNemec_ReplicateLayout.replicate_layout 428:suitable sheets are:[['2xAttenuverters2'], ['2xAttenuverters3']]
05-27 13:20:52 com_github_MitjaNemec_ReplicateLayout.replicate_layout 1356:Level selected: ['2xAttenuverters1']
05-27 13:20:52 com_github_MitjaNemec_ReplicateLayout.replicate_layout 1191:Filtering list of tracks
05-27 13:20:52 com_github_MitjaNemec_ReplicateLayout.replicate_layout 391:constructing a list of sheets suitable for replication on level:'2xAttenuverters1', file:'attenuverter.kicad_sch'
05-27 13:20:52 com_github_MitjaNemec_ReplicateLayout.replicate_layout 428:suitable sheets are:[['2xAttenuverters2'], ['2xAttenuverters3']]
05-27 13:20:52 com_github_MitjaNemec_ReplicateLayout.replicate_layout 1356:Level selected: ['2xAttenuverters1']
05-27 13:20:52 com_github_MitjaNemec_ReplicateLayout.replicate_layout 1191:Filtering list of tracks
05-27 13:20:55 com_github_MitjaNemec_ReplicateLayout.replicate_layout 391:constructing a list of sheets suitable for replication on level:'2xAttenuverters1', file:'attenuverter.kicad_sch'
05-27 13:20:55 com_github_MitjaNemec_ReplicateLayout.replicate_layout 428:suitable sheets are:[['2xAttenuverters2'], ['2xAttenuverters3']]
05-27 13:20:55 com_github_MitjaNemec_ReplicateLayout.replicate_layout 1356:Level selected: ['2xAttenuverters1']
05-27 13:20:55 com_github_MitjaNemec_ReplicateLayout.replicate_layout 1191:Filtering list of tracks
05-27 13:20:56 com_github_MitjaNemec_ReplicateLayout.replicate_layout 391:constructing a list of sheets suitable for replication on level:'2xAttenuverters1', file:'attenuverter.kicad_sch'
05-27 13:20:56 com_github_MitjaNemec_ReplicateLayout.replicate_layout 428:suitable sheets are:[['2xAttenuverters2'], ['2xAttenuverters3']]
05-27 13:20:56 com_github_MitjaNemec_ReplicateLayout.replicate_layout 1356:Level selected: ['2xAttenuverters1']
05-27 13:20:56 com_github_MitjaNemec_ReplicateLayout.replicate_layout 1191:Filtering list of tracks
05-27 13:20:59 com_github_MitjaNemec_ReplicateLayout.replicate_layout 391:constructing a list of sheets suitable for replication on level:'2xAttenuverters1', file:'attenuverter.kicad_sch'
05-27 13:20:59 com_github_MitjaNemec_ReplicateLayout.replicate_layout 428:suitable sheets are:[['2xAttenuverters2'], ['2xAttenuverters3']]
05-27 13:20:59 com_github_MitjaNemec_ReplicateLayout.action_replicate_layout 207:Replicating layout
05-27 13:20:59 com_github_MitjaNemec_ReplicateLayout.replicate_layout 237:Starting replication of sheets: [['2xAttenuverters3']]
on level: ['2xAttenuverters1']
with tracks=True, zone=True, text=True, text=True, intersecting=True, remove=False, locked footprints=True, group_only=False
05-27 13:20:59 root 299:updating GUI message: 'Preparing for replication'
05-27 13:21:00 root 304:updating GUI with: 0
05-27 13:21:00 com_github_MitjaNemec_ReplicateLayout.replicate_layout 307:Getting the list of source footprints
05-27 13:21:00 root 304:updating GUI with: 0
05-27 13:21:00 com_github_MitjaNemec_ReplicateLayout.replicate_layout 317:Getting the list of all the remaining footprints
05-27 13:21:00 com_github_MitjaNemec_ReplicateLayout.replicate_layout 324:Getting source tracks
05-27 13:21:00 com_github_MitjaNemec_ReplicateLayout.replicate_layout 1191:Filtering list of tracks
05-27 13:21:00 com_github_MitjaNemec_ReplicateLayout.replicate_layout 328:Getting source zones
05-27 13:21:00 root 304:updating GUI with: 50
05-27 13:21:00 com_github_MitjaNemec_ReplicateLayout.replicate_layout 332:Getting source text items
05-27 13:21:00 com_github_MitjaNemec_ReplicateLayout.replicate_layout 336:Getting source drawing items
05-27 13:21:00 root 299:updating GUI message: 'Replicating footprints'
05-27 13:21:00 com_github_MitjaNemec_ReplicateLayout.replicate_layout 742:Replicating footprints
05-27 13:21:00 root 304:updating GUI with: 0
05-27 13:21:00 com_github_MitjaNemec_ReplicateLayout.replicate_layout 748:Replicating footprints on sheet ['2xAttenuverters3']
05-27 13:21:00 root 304:updating GUI with: 66
05-27 13:21:00 root 299:updating GUI message: 'Replicating tracks'
05-27 13:21:00 com_github_MitjaNemec_ReplicateLayout.replicate_layout 907:Replicating tracks
05-27 13:21:00 root 304:updating GUI with: 0
05-27 13:21:00 com_github_MitjaNemec_ReplicateLayout.replicate_layout 913:Replicating tracks on sheet ['2xAttenuverters3']
05-27 13:21:00 com_github_MitjaNemec_ReplicateLayout.replicate_layout 737:Net pairs for sheet ['2xAttenuverters3'] :[('Net-(D306-Pad1)', 'Net-(D506-Pad1)'), ('Net-(C302-Pad2)', 'Net-(C502-Pad2)'), ('Net-(C301-Pad1)', 'Net-(C501-Pad1)'), ('Net-(C301-Pad2)', 'Net-(C501-Pad2)'), ('Net-(C303-Pad1)', 'Net-(C503-Pad1)'), ('Net-(RV302-Pad2)', 'Net-(RV502-Pad2)'), ('Net-(R314-Pad1)', 'Net-(R514-Pad1)'), ('Net-(R307-Pad2)', 'Net-(R507-Pad2)'), ('Net-(C304-Pad2)', 'Net-(C504-Pad2)'), ('Net-(D305-Pad1)', 'Net-(D505-Pad1)'), ('Net-(C304-Pad1)', 'Net-(C504-Pad1)'), ('Net-(C302-Pad1)', 'Net-(C502-Pad1)'), ('Net-(R316-Pad1)', 'Net-(R516-Pad1)'), ('/2xAttenuverters1/2xAttenuverters2_2_Out', '/2xAttenuverters3/2xAttenuverters2_2_Out'), ('Net-(C303-Pad2)', 'Net-(C503-Pad2)'), ('Net-(R305-Pad2)', 'Net-(R505-Pad2)'), ('/+4.5V', '/+4.5V'), ('/2xAttenuverters1/2xAttenuverters2_2_In', '/2xAttenuverters3/2xAttenuverters2_2_In'), ('/+9V', '/+9V'), ('/2xAttenuverters1/2xAttenuverters2_1_In', '/2xAttenuverters3/2xAttenuverters2_1_In'), ('/GND', '/GND'), ('Net-(D305-Pad2)', 'Net-(D505-Pad2)'), ('Net-(RV301-Pad2)', 'Net-(RV501-Pad2)'), ('/2xAttenuverters1/2xAttenuverters2_1_Out', '/2xAttenuverters3/2xAttenuverters2_1_Out'), ('Net-(D306-Pad2)', 'Net-(D506-Pad2)')]
05-27 13:21:00 root 304:updating GUI with: 37
05-27 13:21:00 root 299:updating GUI message: 'Replicating zones'
05-27 13:21:00 com_github_MitjaNemec_ReplicateLayout.replicate_layout 967:Replicating zones
05-27 13:21:00 root 304:updating GUI with: 0
05-27 13:21:00 com_github_MitjaNemec_ReplicateLayout.replicate_layout 974:Replicating zones on sheet ['2xAttenuverters3']
05-27 13:21:00 com_github_MitjaNemec_ReplicateLayout.replicate_layout 737:Net pairs for sheet ['2xAttenuverters3'] :[('Net-(D306-Pad1)', 'Net-(D506-Pad1)'), ('Net-(C302-Pad2)', 'Net-(C502-Pad2)'), ('Net-(C301-Pad1)', 'Net-(C501-Pad1)'), ('Net-(C301-Pad2)', 'Net-(C501-Pad2)'), ('Net-(C303-Pad1)', 'Net-(C503-Pad1)'), ('Net-(RV302-Pad2)', 'Net-(RV502-Pad2)'), ('Net-(R314-Pad1)', 'Net-(R514-Pad1)'), ('Net-(R307-Pad2)', 'Net-(R507-Pad2)'), ('Net-(C304-Pad2)', 'Net-(C504-Pad2)'), ('Net-(D305-Pad1)', 'Net-(D505-Pad1)'), ('Net-(C304-Pad1)', 'Net-(C504-Pad1)'), ('Net-(C302-Pad1)', 'Net-(C502-Pad1)'), ('Net-(R316-Pad1)', 'Net-(R516-Pad1)'), ('/2xAttenuverters1/2xAttenuverters2_2_Out', '/2xAttenuverters3/2xAttenuverters2_2_Out'), ('Net-(C303-Pad2)', 'Net-(C503-Pad2)'), ('Net-(R305-Pad2)', 'Net-(R505-Pad2)'), ('/+4.5V', '/+4.5V'), ('/2xAttenuverters1/2xAttenuverters2_2_In', '/2xAttenuverters3/2xAttenuverters2_2_In'), ('/+9V', '/+9V'), ('/2xAttenuverters1/2xAttenuverters2_1_In', '/2xAttenuverters3/2xAttenuverters2_1_In'), ('/GND', '/GND'), ('Net-(D305-Pad2)', 'Net-(D505-Pad2)'), ('Net-(RV301-Pad2)', 'Net-(RV501-Pad2)'), ('/2xAttenuverters1/2xAttenuverters2_1_Out', '/2xAttenuverters3/2xAttenuverters2_1_Out'), ('Net-(D306-Pad2)', 'Net-(D506-Pad2)')]
05-27 13:21:00 com_github_MitjaNemec_ReplicateLayout.replicate_layout 1003:Src zone on new: '/GND'
05-27 13:21:00 com_github_MitjaNemec_ReplicateLayout.replicate_layout 1005:Dst zone on new: '/GND'
05-27 13:21:00 root 299:updating GUI message: 'Replicating text'
05-27 13:21:00 root 304:updating GUI with: 0
05-27 13:21:00 com_github_MitjaNemec_ReplicateLayout.replicate_layout 1047:Replicating text
05-27 13:21:00 com_github_MitjaNemec_ReplicateLayout.replicate_layout 1054:Replicating text on sheet ['2xAttenuverters3']
05-27 13:21:00 root 299:updating GUI message: 'Replicating drawings'
05-27 13:21:00 com_github_MitjaNemec_ReplicateLayout.replicate_layout 1088:Replicating drawings
05-27 13:21:00 com_github_MitjaNemec_ReplicateLayout.replicate_layout 1094:Replicating drawings on sheet ['2xAttenuverters3']
05-27 13:21:00 com_github_MitjaNemec_ReplicateLayout.action_replicate_layout 223:Replication complete
